<?xml version="1.0" encoding="UTF-8"?>
<testsuite xmlns:xsi="http://www.w3.org/2001/XMLSchema-instance" xsi:noNamespaceSchemaLocation="https://maven.apache.org/surefire/maven-surefire-plugin/xsd/surefire-test-report.xsd" version="3.0.2" name="com.tech.connections.jasperservertool.JasperserverToolApplicationTests" time="3.818" tests="1" errors="0" skipped="0" failures="0">
  <properties>
[...]
</properties>
  <testcase name="contextLoads" classname="com.tech.connections.jasperservertool.JasperserverToolApplicationTests" time="0.561">
    <system-out><![CDATA[18:18:15.128 [main] INFO org.springframework.test.context.support.AnnotationConfigContextLoaderUtils -- Could not detect default configuration classes for test class [com.tech.connections.jasperservertool.JasperserverToolApplicationTests]: JasperserverToolApplicationTests does not declare any static, non-private, non-final, nested classes annotated with @Configuration.
18:18:15.222 [main] INFO org.springframework.boot.test.context.SpringBootTestContextBootstrapper -- Found @SpringBootConfiguration com.tech.connections.jasperservertool.JasperserverToolApplication for test class com.tech.connections.jasperservertool.JasperserverToolApplicationTests
18:18:15.463 [main] INFO org.springframework.boot.devtools.restart.RestartApplicationListener -- Restart disabled due to context in which it is running

  .   ____          _            __ _ _
 /\\ / ___'_ __ _ _(_)_ __  __ _ \ \ \ \
( ( )\___ | '_ | '_| | '_ \/ _` | \ \ \ \
 \\/  ___)| |_)| | | | | || (_| |  ) ) ) )
  '  |____| .__|_| |_|_| |_\__, | / / / /
 =========|_|==============|___/=/_/_/_/

 :: Spring Boot ::                (v3.5.5)

2025-09-15T18:18:15.836+03:00  INFO 1852 --- [           main] c.t.c.j.JasperserverToolApplicationTests : Starting JasperserverToolApplicationTests using Java 21.0.7.0.7 with PID 1852 (started by User in C:\Users\User\Connections_Projects\jaspertest\jasperserver-tool)
2025-09-15T18:18:15.838+03:00  INFO 1852 --- [           main] c.t.c.j.JasperserverToolApplicationTests : No active profile set, falling back to 1 default profile: "default"
2025-09-15T18:18:17.000+03:00  INFO 1852 --- [           main] o.s.cloud.context.scope.GenericScope     : BeanFactory id=5cd328ff-063d-309a-9d3f-88b33b0fa2c1
2025-09-15T18:18:17.161+03:00  INFO 1852 --- [           main] c.t.c.j.g.config.GatewayRoutesConfig     : Custom Route Locator
2025-09-15T18:18:17.875+03:00  INFO 1852 --- [           main] o.s.c.g.r.RouteDefinitionRouteLocator    : Loaded RoutePredicateFactory [After]
2025-09-15T18:18:17.876+03:00  INFO 1852 --- [           main] o.s.c.g.r.RouteDefinitionRouteLocator    : Loaded RoutePredicateFactory [Before]
2025-09-15T18:18:17.876+03:00  INFO 1852 --- [           main] o.s.c.g.r.RouteDefinitionRouteLocator    : Loaded RoutePredicateFactory [Between]
2025-09-15T18:18:17.876+03:00  INFO 1852 --- [           main] o.s.c.g.r.RouteDefinitionRouteLocator    : Loaded RoutePredicateFactory [Cookie]
2025-09-15T18:18:17.876+03:00  INFO 1852 --- [           main] o.s.c.g.r.RouteDefinitionRouteLocator    : Loaded RoutePredicateFactory [Header]
2025-09-15T18:18:17.876+03:00  INFO 1852 --- [           main] o.s.c.g.r.RouteDefinitionRouteLocator    : Loaded RoutePredicateFactory [Host]
2025-09-15T18:18:17.876+03:00  INFO 1852 --- [           main] o.s.c.g.r.RouteDefinitionRouteLocator    : Loaded RoutePredicateFactory [Method]
2025-09-15T18:18:17.876+03:00  INFO 1852 --- [           main] o.s.c.g.r.RouteDefinitionRouteLocator    : Loaded RoutePredicateFactory [Path]
2025-09-15T18:18:17.876+03:00  INFO 1852 --- [           main] o.s.c.g.r.RouteDefinitionRouteLocator    : Loaded RoutePredicateFactory [Query]
2025-09-15T18:18:17.876+03:00  INFO 1852 --- [           main] o.s.c.g.r.RouteDefinitionRouteLocator    : Loaded RoutePredicateFactory [ReadBody]
2025-09-15T18:18:17.876+03:00  INFO 1852 --- [           main] o.s.c.g.r.RouteDefinitionRouteLocator    : Loaded RoutePredicateFactory [RemoteAddr]
2025-09-15T18:18:17.876+03:00  INFO 1852 --- [           main] o.s.c.g.r.RouteDefinitionRouteLocator    : Loaded RoutePredicateFactory [XForwardedRemoteAddr]
2025-09-15T18:18:17.877+03:00  INFO 1852 --- [           main] o.s.c.g.r.RouteDefinitionRouteLocator    : Loaded RoutePredicateFactory [Weight]
2025-09-15T18:18:17.877+03:00  INFO 1852 --- [           main] o.s.c.g.r.RouteDefinitionRouteLocator    : Loaded RoutePredicateFactory [CloudFoundryRouteService]
2025-09-15T18:18:17.965+03:00 DEBUG 1852 --- [           main] o.s.w.r.handler.SimpleUrlHandlerMapping  : Patterns [/webjars/**, /**] in 'resourceHandlerMapping'
2025-09-15T18:18:18.018+03:00 DEBUG 1852 --- [           main] o.s.w.r.r.m.a.ControllerMethodResolver   : ControllerAdvice beans: none
2025-09-15T18:18:18.056+03:00 DEBUG 1852 --- [           main] o.s.w.s.adapter.HttpWebHandlerAdapter    : enableLoggingRequestDetails='false': form data and headers will be masked to prevent unsafe logging of potentially sensitive data
2025-09-15T18:18:18.155+03:00  WARN 1852 --- [           main] s.w.s.StarterDeprecatedAutoConfiguration : 

**********************************************************

spring-cloud-starter-gateway is deprecated. It will be removed in the next major release. Please use spring-cloud-starter-gateway-server-webflux instead.

**********************************************************


2025-09-15T18:18:18.263+03:00  INFO 1852 --- [           main] c.t.c.j.JasperserverToolApplicationTests : Started JasperserverToolApplicationTests in 2.829 seconds (process running for 3.97)
]]></system-out>
    <system-err><![CDATA[Mockito is currently self-attaching to enable the inline-mock-maker. This will no longer work in future releases of the JDK. Please add Mockito as an agent to your build as described in Mockito's documentation: https://javadoc.io/doc/org.mockito/mockito-core/latest/org.mockito/org/mockito/Mockito.html#0.3
WARNING: A Java agent has been loaded dynamically (C:\Users\User\.m2\repository\net\bytebuddy\byte-buddy-agent\1.17.7\byte-buddy-agent-1.17.7.jar)
WARNING: If a serviceability tool is in use, please run with -XX:+EnableDynamicAgentLoading to hide this warning
WARNING: If a serviceability tool is not in use, please run with -Djdk.instrument.traceUsage for more information
WARNING: Dynamic loading of agents will be disallowed by default in a future release
]]></system-err>
  </testcase>
</testsuite>